<?xml version="1.0" encoding="UTF-8"?>
<!-- Generated by org.testng.reporters.JUnitXMLReporter -->
<testsuite ignored="4" hostname="WKWZTCG72X1q0Xh" failures="0" tests="2" name="LoginFirst" time="7.169" errors="0" timestamp="2025-07-31T12:05:05 IST">
  <testcase classname="tests.LoginTest" name="loginWithCredentials" time="0.829"/>
  <testcase classname="tests.LoginTest" name="createCustomer" time="2.534"/>
  <testcase classname="tests.LoginTest" name="editCategory" time="0.0">
    <ignored/>
  </testcase> <!-- editCategory -->
  <testcase classname="tests.LoginTest" name="afterEdit" time="0.0">
    <ignored/>
  </testcase> <!-- afterEdit -->
  <testcase classname="tests.LoginTest" name="loginWithInvalidCredentials" time="0.0">
    <ignored/>
  </testcase> <!-- loginWithInvalidCredentials -->
  <testcase classname="tests.LoginTest" name="DeleteCustomer" time="0.0">
    <ignored/>
  </testcase> <!-- DeleteCustomer -->
</testsuite> <!-- LoginFirst -->
